


Write Ratio: 0.1

Sharing ratio: 0.0

Sharing ratio: 0.2

Sharing ratio: 0.4

Sharing ratio: 0.6

Sharing ratio: 0.8

Sharing ratio: 1.0:



Write Ratio: 0.2

Sharing ratio: 0.0

Sharing ratio: 0.2

Sharing ratio: 0.4

Sharing ratio: 0.6

Sharing ratio: 0.8

Sharing ratio: 1.0:



Write Ratio: 0.3

Sharing ratio: 0.0

Sharing ratio: 0.2

Sharing ratio: 0.4

Sharing ratio: 0.6

Sharing ratio: 0.8

Sharing ratio: 1.0:



Write Ratio: 0.4

Sharing ratio: 0.0

Sharing ratio: 0.2

Sharing ratio: 0.4

Sharing ratio: 0.6

Sharing ratio: 0.8

Sharing ratio: 1.0:



Write Ratio: 0.5

Sharing ratio: 0.0

Sharing ratio: 0.2

Sharing ratio: 0.4

Sharing ratio: 0.6

Sharing ratio: 0.8

Sharing ratio: 1.0:



Write Ratio: 0.6

Sharing ratio: 0.0

Sharing ratio: 0.2

Sharing ratio: 0.4

Sharing ratio: 0.6

Sharing ratio: 0.8

Sharing ratio: 1.0:



Write Ratio: 0.7

Sharing ratio: 0.0

Sharing ratio: 0.2

Sharing ratio: 0.4

Sharing ratio: 0.6

Sharing ratio: 0.8

Sharing ratio: 1.0:



Write Ratio: 0.8

Sharing ratio: 0.0

Sharing ratio: 0.2

Sharing ratio: 0.4

Sharing ratio: 0.6

Sharing ratio: 0.8

Sharing ratio: 1.0:



Write Ratio: 0.9

Sharing ratio: 0.0

Sharing ratio: 0.2

Sharing ratio: 0.4

Sharing ratio: 0.6

Sharing ratio: 0.8

Sharing ratio: 1.0:



Write Ratio: 1.0

Sharing ratio: 0.0

Sharing ratio: 0.2

Sharing ratio: 0.4

Sharing ratio: 0.6

Sharing ratio: 0.8

Sharing ratio: 1.0:
Write Ratio: 0.1
Sharing ratio: 0.0
Sharing ratio: 0.2
Sharing ratio: 0.4
Sharing ratio: 0.6
Sharing ratio: 0.8
Sharing ratio: 1.0:
Write Ratio: 0.2
Sharing ratio: 0.0
Sharing ratio: 0.2
Sharing ratio: 0.4
Sharing ratio: 0.6
Sharing ratio: 0.8
Sharing ratio: 1.0:
Write Ratio: 0.3
Sharing ratio: 0.0
Sharing ratio: 0.2
Sharing ratio: 0.4
Sharing ratio: 0.6
Sharing ratio: 0.8
Sharing ratio: 1.0:
Write Ratio: 0.4
Sharing ratio: 0.0
Sharing ratio: 0.2
Sharing ratio: 0.4
Sharing ratio: 0.6
Sharing ratio: 0.8
Sharing ratio: 1.0:
Write Ratio: 0.5
Sharing ratio: 0.0
Sharing ratio: 0.2
Sharing ratio: 0.4
Sharing ratio: 0.6
Sharing ratio: 0.8
Sharing ratio: 1.0:
Write Ratio: 0.6
Sharing ratio: 0.0
Sharing ratio: 0.2
Sharing ratio: 0.4
Sharing ratio: 0.6
Sharing ratio: 0.8
Sharing ratio: 1.0:
Write Ratio: 0.7
Sharing ratio: 0.0
Sharing ratio: 0.2
Sharing ratio: 0.4
Sharing ratio: 0.6
Sharing ratio: 0.8
Sharing ratio: 1.0:
Write Ratio: 0.8
Sharing ratio: 0.0
Sharing ratio: 0.2
Sharing ratio: 0.4
Sharing ratio: 0.6
Sharing ratio: 0.8
Sharing ratio: 1.0:
Write Ratio: 0.9
Sharing ratio: 0.0
Sharing ratio: 0.2
Sharing ratio: 0.4
Sharing ratio: 0.6
Sharing ratio: 0.8
Sharing ratio: 1.0:
Write Ratio: 1.0
Sharing ratio: 0.0
Sharing ratio: 0.2
Sharing ratio: 0.4
Sharing ratio: 0.6
Sharing ratio: 0.8
Sharing ratio: 1.0:
Write Ratio: 0.1
Sharing ratio: 0.0
Write Ratio: 0.2
Sharing ratio: 0.0
Write Ratio: 0.3
Sharing ratio: 0.0
Write Ratio: 0.4
Sharing ratio: 0.0
Write Ratio: 0.5
Sharing ratio: 0.0
Write Ratio: 0.6
Sharing ratio: 0.0
Write Ratio: 0.7
Sharing ratio: 0.0
Write Ratio: 0.8
Sharing ratio: 0.0
Write Ratio: 0.9
Sharing ratio: 0.0
Write Ratio: 1.0
Sharing ratio: 0.0
Write ratio: 0.4
Write ratio: 0.9
Write ratio: 0.7
Write ratio: 0.9
----------------------------------------------------------------------------------------------------------------------------------------------------------------
Sharing Ratio: 0.6
Write ratio: 0.0
Write ratio: 0.1
Write ratio: 0.3
Write ratio: 0.4
Write ratio: 0.5
Write ratio: 0.8
Write ratio: 0.9
Write ratio: 1.0
----------------------------------------------------------------------------------------------------------------------------------------------------------------
Sharing Ratio: 0.8
Write ratio: 0.0
Write ratio: 0.1
Write ratio: 0.2
Write ratio: 0.3
Write ratio: 0.4
Write ratio: 0.5
Write ratio: 0.6
Write ratio: 0.7
Write ratio: 0.8
Write ratio: 0.9
Write ratio: 1.0
----------------------------------------------------------------------------------------------------------------------------------------------------------------
Sharing Ratio: 1.0
Write ratio: 0.0
Write ratio: 0.1
Write ratio: 0.2
Write ratio: 0.3
Write ratio: 0.4
Write ratio: 0.5
Write ratio: 0.6
Write ratio: 0.7
Write ratio: 0.8
Write ratio: 0.9
Write ratio: 1.0
Write ratio: 0.7
